<?xml version="1.0" encoding="UTF-8"?>
<!-- Generated by org.testng.reporters.JUnitReportReporter -->
<testsuite hostname="Mahesh-PC" failures="0" tests="1" name="com.crm.vtigerTests.createIndustryWithOrg" time="84.611" errors="0" timestamp="2021-04-29T09:29:55 IST" skipped="0">
  <testcase classname="com.crm.vtigerTests.createIndustryWithOrg" name="CreateOrganization" time="84.611"/>
  <system-out/>
</testsuite> <!-- com.crm.vtigerTests.createIndustryWithOrg -->
