<?xml version="1.0" encoding="UTF-8"?>
<!-- Generated by org.testng.reporters.JUnitReportReporter -->
<testsuite hostname="Mahesh-PC" failures="0" tests="1" name="com.crm.vtigerTests.createContactWithOrg" time="82.595" errors="0" timestamp="2021-04-29T12:04:10 IST" skipped="0">
  <testcase classname="com.crm.vtigerTests.createContactWithOrg" name="CreateOrganization" time="82.595"/>
  <system-out/>
</testsuite> <!-- com.crm.vtigerTests.createContactWithOrg -->
